2024-12-20T19:28:54,148 [main] INFO : launch browser
2024-12-20T19:29:34,501 [main] INFO : Enter url
2024-12-20T19:29:38,745 [main] INFO : Enter username and password
2024-12-20T19:29:43,158 [main] INFO : Click on login button
2024-12-20T19:29:43,447 [main] INFO : Click on open menu button
2024-12-20T19:29:43,996 [main] INFO : Click on logout link
2024-12-20T19:29:47,488 [main] INFO : launch browser
2024-12-20T19:29:52,954 [main] INFO : Enter url
2024-12-20T19:29:54,200 [main] INFO : launch browser
2024-12-20T19:30:03,040 [main] INFO : Enter url
2024-12-20T19:30:04,857 [main] INFO : launch browser
2024-12-20T19:30:25,062 [main] INFO : Enter url
2024-12-20T23:51:17,524 [main] INFO : launch browser
2024-12-20T23:51:42,774 [main] INFO : Enter url
2024-12-20T23:51:44,688 [main] INFO : Enter username and password
2024-12-20T23:51:47,846 [main] INFO : Click on login button
2024-12-20T23:51:48,164 [main] INFO : Click on open menu button
2024-12-20T23:51:48,825 [main] INFO : Click on logout link
2024-12-20T23:51:51,635 [main] INFO : launch browser
2024-12-20T23:51:57,109 [main] INFO : Enter url
2024-12-20T23:51:58,367 [main] INFO : Click on login button
2024-12-20T23:52:01,848 [main] INFO : launch browser
2024-12-20T23:52:07,512 [main] INFO : Enter url
2024-12-20T23:52:08,941 [main] INFO : Click on login button
2024-12-20T23:52:11,716 [main] INFO : launch browser
2024-12-20T23:52:16,821 [main] INFO : Enter url
2024-12-20T23:52:18,003 [main] INFO : Click on login button
2025-01-23T12:20:25,010 [main] INFO : launch browser
2025-01-23T12:20:26,436 [main] INFO : launch browser
2025-01-23T12:20:26,612 [main] INFO : launch browser
2025-01-23T12:20:26,795 [main] INFO : launch browser
2025-01-23T12:23:21,638 [main] INFO : launch browser
2025-01-23T12:23:22,200 [main] INFO : launch browser
2025-01-23T12:23:22,423 [main] INFO : launch browser
2025-01-23T12:23:22,612 [main] INFO : launch browser
2025-01-23T12:23:36,800 [main] INFO : launch browser
2025-01-23T12:23:37,293 [main] INFO : launch browser
2025-01-23T12:23:37,490 [main] INFO : launch browser
2025-01-23T12:23:37,682 [main] INFO : launch browser
2025-01-23T12:24:20,504 [main] INFO : launch browser
2025-01-23T12:24:20,998 [main] INFO : launch browser
2025-01-23T12:24:21,177 [main] INFO : launch browser
2025-01-23T12:24:21,346 [main] INFO : launch browser
2025-01-23T12:25:48,939 [main] INFO : launch browser
2025-01-23T12:25:49,430 [main] INFO : launch browser
2025-01-23T12:25:49,627 [main] INFO : launch browser
2025-01-23T12:25:49,815 [main] INFO : launch browser
2025-01-23T14:35:28,561 [main] INFO : launch browser
2025-01-23T14:36:31,622 [main] INFO : Enter url
2025-01-23T14:37:05,294 [main] INFO : Enter username and password
2025-01-23T14:37:33,135 [main] INFO : Click on login button
2025-01-23T14:37:38,171 [main] INFO : Click on open menu button
2025-01-23T14:37:44,594 [main] INFO : Click on logout link
2025-01-23T14:38:04,627 [main] INFO : launch browser
2025-01-23T14:38:37,242 [main] INFO : Enter url
2025-01-23T14:38:49,520 [main] INFO : Click on login button
2025-01-23T14:38:56,703 [main] INFO : launch browser
2025-01-23T14:39:21,279 [main] INFO : Enter url
2025-01-23T14:39:27,091 [main] INFO : Click on login button
2025-01-23T14:39:40,973 [main] INFO : launch browser
2025-01-23T14:40:01,829 [main] INFO : Enter url
2025-01-23T14:40:27,264 [main] INFO : Click on login button
